2017-10-16 13:28:00.768 [main] ERROR org.apache.hadoop.util.Shell -Failed to locate the winutils binary in the hadoop binary path
java.io.IOException: Could not locate executable null\bin\winutils.exe in the Hadoop binaries.
	at org.apache.hadoop.util.Shell.getQualifiedBinPath(Shell.java:355)
	at org.apache.hadoop.util.Shell.getWinUtilsPath(Shell.java:370)
	at org.apache.hadoop.util.Shell.<clinit>(Shell.java:363)
	at org.apache.hadoop.util.StringUtils.<clinit>(StringUtils.java:78)
	at org.apache.hadoop.security.Groups.parseStaticMapping(Groups.java:93)
	at org.apache.hadoop.security.Groups.<init>(Groups.java:77)
	at org.apache.hadoop.security.Groups.getUserToGroupsMappingService(Groups.java:240)
	at org.apache.hadoop.security.UserGroupInformation.initialize(UserGroupInformation.java:257)
	at org.apache.hadoop.security.UserGroupInformation.ensureInitialized(UserGroupInformation.java:234)
	at org.apache.hadoop.security.UserGroupInformation.loginUserFromSubject(UserGroupInformation.java:749)
	at org.apache.hadoop.security.UserGroupInformation.getLoginUser(UserGroupInformation.java:734)
	at org.apache.hadoop.security.UserGroupInformation.getCurrentUser(UserGroupInformation.java:607)
	at org.apache.hadoop.hbase.security.User$SecureHadoopUser.<init>(User.java:286)
	at org.apache.hadoop.hbase.security.User$SecureHadoopUser.<init>(User.java:282)
	at org.apache.hadoop.hbase.security.User.getCurrent(User.java:185)
	at org.apache.hadoop.hbase.security.UserProvider.getCurrent(UserProvider.java:88)
	at org.apache.hadoop.hbase.client.ConnectionFactory.createConnection(ConnectionFactory.java:215)
	at org.apache.hadoop.hbase.client.ConnectionFactory.createConnection(ConnectionFactory.java:119)
	at com.gimis.dataserver.hbase.HBaseUtil.<init>(HBaseUtil.java:65)
	at com.gimis.dataserver.plc.SavePlcDataToHBaseThread.<init>(SavePlcDataToHBaseThread.java:34)
	at com.gimis.DataserverPlcApplication.main(DataserverPlcApplication.java:63)
2017-10-16 13:28:20.634 [main] ERROR org.apache.hadoop.util.Shell -Failed to locate the winutils binary in the hadoop binary path
java.io.IOException: Could not locate executable null\bin\winutils.exe in the Hadoop binaries.
	at org.apache.hadoop.util.Shell.getQualifiedBinPath(Shell.java:355)
	at org.apache.hadoop.util.Shell.getWinUtilsPath(Shell.java:370)
	at org.apache.hadoop.util.Shell.<clinit>(Shell.java:363)
	at org.apache.hadoop.util.StringUtils.<clinit>(StringUtils.java:78)
	at org.apache.hadoop.security.Groups.parseStaticMapping(Groups.java:93)
	at org.apache.hadoop.security.Groups.<init>(Groups.java:77)
	at org.apache.hadoop.security.Groups.getUserToGroupsMappingService(Groups.java:240)
	at org.apache.hadoop.security.UserGroupInformation.initialize(UserGroupInformation.java:257)
	at org.apache.hadoop.security.UserGroupInformation.ensureInitialized(UserGroupInformation.java:234)
	at org.apache.hadoop.security.UserGroupInformation.loginUserFromSubject(UserGroupInformation.java:749)
	at org.apache.hadoop.security.UserGroupInformation.getLoginUser(UserGroupInformation.java:734)
	at org.apache.hadoop.security.UserGroupInformation.getCurrentUser(UserGroupInformation.java:607)
	at org.apache.hadoop.hbase.security.User$SecureHadoopUser.<init>(User.java:286)
	at org.apache.hadoop.hbase.security.User$SecureHadoopUser.<init>(User.java:282)
	at org.apache.hadoop.hbase.security.User.getCurrent(User.java:185)
	at org.apache.hadoop.hbase.security.UserProvider.getCurrent(UserProvider.java:88)
	at org.apache.hadoop.hbase.client.ConnectionFactory.createConnection(ConnectionFactory.java:215)
	at org.apache.hadoop.hbase.client.ConnectionFactory.createConnection(ConnectionFactory.java:119)
	at com.gimis.dataserver.hbase.HBaseUtil.<init>(HBaseUtil.java:65)
	at com.gimis.dataserver.plc.SavePlcDataToHBaseThread.<init>(SavePlcDataToHBaseThread.java:34)
	at com.gimis.DataserverPlcApplication.main(DataserverPlcApplication.java:63)
2017-10-16 13:28:33.440 [main] ERROR org.apache.hadoop.util.Shell -Failed to locate the winutils binary in the hadoop binary path
java.io.IOException: Could not locate executable null\bin\winutils.exe in the Hadoop binaries.
	at org.apache.hadoop.util.Shell.getQualifiedBinPath(Shell.java:355)
	at org.apache.hadoop.util.Shell.getWinUtilsPath(Shell.java:370)
	at org.apache.hadoop.util.Shell.<clinit>(Shell.java:363)
	at org.apache.hadoop.util.StringUtils.<clinit>(StringUtils.java:78)
	at org.apache.hadoop.security.Groups.parseStaticMapping(Groups.java:93)
	at org.apache.hadoop.security.Groups.<init>(Groups.java:77)
	at org.apache.hadoop.security.Groups.getUserToGroupsMappingService(Groups.java:240)
	at org.apache.hadoop.security.UserGroupInformation.initialize(UserGroupInformation.java:257)
	at org.apache.hadoop.security.UserGroupInformation.ensureInitialized(UserGroupInformation.java:234)
	at org.apache.hadoop.security.UserGroupInformation.loginUserFromSubject(UserGroupInformation.java:749)
	at org.apache.hadoop.security.UserGroupInformation.getLoginUser(UserGroupInformation.java:734)
	at org.apache.hadoop.security.UserGroupInformation.getCurrentUser(UserGroupInformation.java:607)
	at org.apache.hadoop.hbase.security.User$SecureHadoopUser.<init>(User.java:286)
	at org.apache.hadoop.hbase.security.User$SecureHadoopUser.<init>(User.java:282)
	at org.apache.hadoop.hbase.security.User.getCurrent(User.java:185)
	at org.apache.hadoop.hbase.security.UserProvider.getCurrent(UserProvider.java:88)
	at org.apache.hadoop.hbase.client.ConnectionFactory.createConnection(ConnectionFactory.java:215)
	at org.apache.hadoop.hbase.client.ConnectionFactory.createConnection(ConnectionFactory.java:119)
	at com.gimis.dataserver.hbase.HBaseUtil.<init>(HBaseUtil.java:65)
	at com.gimis.dataserver.plc.SavePlcDataToHBaseThread.<init>(SavePlcDataToHBaseThread.java:34)
	at com.gimis.DataserverPlcApplication.main(DataserverPlcApplication.java:63)
2017-10-16 13:29:01.452 [main] ERROR org.apache.hadoop.util.Shell -Failed to locate the winutils binary in the hadoop binary path
java.io.IOException: Could not locate executable null\bin\winutils.exe in the Hadoop binaries.
	at org.apache.hadoop.util.Shell.getQualifiedBinPath(Shell.java:355)
	at org.apache.hadoop.util.Shell.getWinUtilsPath(Shell.java:370)
	at org.apache.hadoop.util.Shell.<clinit>(Shell.java:363)
	at org.apache.hadoop.util.StringUtils.<clinit>(StringUtils.java:78)
	at org.apache.hadoop.security.Groups.parseStaticMapping(Groups.java:93)
	at org.apache.hadoop.security.Groups.<init>(Groups.java:77)
	at org.apache.hadoop.security.Groups.getUserToGroupsMappingService(Groups.java:240)
	at org.apache.hadoop.security.UserGroupInformation.initialize(UserGroupInformation.java:257)
	at org.apache.hadoop.security.UserGroupInformation.ensureInitialized(UserGroupInformation.java:234)
	at org.apache.hadoop.security.UserGroupInformation.loginUserFromSubject(UserGroupInformation.java:749)
	at org.apache.hadoop.security.UserGroupInformation.getLoginUser(UserGroupInformation.java:734)
	at org.apache.hadoop.security.UserGroupInformation.getCurrentUser(UserGroupInformation.java:607)
	at org.apache.hadoop.hbase.security.User$SecureHadoopUser.<init>(User.java:286)
	at org.apache.hadoop.hbase.security.User$SecureHadoopUser.<init>(User.java:282)
	at org.apache.hadoop.hbase.security.User.getCurrent(User.java:185)
	at org.apache.hadoop.hbase.security.UserProvider.getCurrent(UserProvider.java:88)
	at org.apache.hadoop.hbase.client.ConnectionFactory.createConnection(ConnectionFactory.java:215)
	at org.apache.hadoop.hbase.client.ConnectionFactory.createConnection(ConnectionFactory.java:119)
	at com.gimis.dataserver.hbase.HBaseUtil.<init>(HBaseUtil.java:65)
	at com.gimis.dataserver.plc.SavePlcDataToHBaseThread.<init>(SavePlcDataToHBaseThread.java:34)
	at com.gimis.DataserverPlcApplication.main(DataserverPlcApplication.java:63)
2017-10-16 13:30:13.042 [main] ERROR org.apache.hadoop.util.Shell -Failed to locate the winutils binary in the hadoop binary path
java.io.IOException: Could not locate executable null\bin\winutils.exe in the Hadoop binaries.
	at org.apache.hadoop.util.Shell.getQualifiedBinPath(Shell.java:355)
	at org.apache.hadoop.util.Shell.getWinUtilsPath(Shell.java:370)
	at org.apache.hadoop.util.Shell.<clinit>(Shell.java:363)
	at org.apache.hadoop.util.StringUtils.<clinit>(StringUtils.java:78)
	at org.apache.hadoop.security.Groups.parseStaticMapping(Groups.java:93)
	at org.apache.hadoop.security.Groups.<init>(Groups.java:77)
	at org.apache.hadoop.security.Groups.getUserToGroupsMappingService(Groups.java:240)
	at org.apache.hadoop.security.UserGroupInformation.initialize(UserGroupInformation.java:257)
	at org.apache.hadoop.security.UserGroupInformation.ensureInitialized(UserGroupInformation.java:234)
	at org.apache.hadoop.security.UserGroupInformation.loginUserFromSubject(UserGroupInformation.java:749)
	at org.apache.hadoop.security.UserGroupInformation.getLoginUser(UserGroupInformation.java:734)
	at org.apache.hadoop.security.UserGroupInformation.getCurrentUser(UserGroupInformation.java:607)
	at org.apache.hadoop.hbase.security.User$SecureHadoopUser.<init>(User.java:286)
	at org.apache.hadoop.hbase.security.User$SecureHadoopUser.<init>(User.java:282)
	at org.apache.hadoop.hbase.security.User.getCurrent(User.java:185)
	at org.apache.hadoop.hbase.security.UserProvider.getCurrent(UserProvider.java:88)
	at org.apache.hadoop.hbase.client.ConnectionFactory.createConnection(ConnectionFactory.java:215)
	at org.apache.hadoop.hbase.client.ConnectionFactory.createConnection(ConnectionFactory.java:119)
	at com.gimis.dataserver.hbase.HBaseUtil.<init>(HBaseUtil.java:65)
	at com.gimis.dataserver.plc.SavePlcDataToHBaseThread.<init>(SavePlcDataToHBaseThread.java:34)
	at com.gimis.DataserverPlcApplication.main(DataserverPlcApplication.java:63)
2017-10-16 13:32:08.227 [main] ERROR org.apache.hadoop.util.Shell -Failed to locate the winutils binary in the hadoop binary path
java.io.IOException: Could not locate executable null\bin\winutils.exe in the Hadoop binaries.
	at org.apache.hadoop.util.Shell.getQualifiedBinPath(Shell.java:355)
	at org.apache.hadoop.util.Shell.getWinUtilsPath(Shell.java:370)
	at org.apache.hadoop.util.Shell.<clinit>(Shell.java:363)
	at org.apache.hadoop.util.StringUtils.<clinit>(StringUtils.java:78)
	at org.apache.hadoop.security.Groups.parseStaticMapping(Groups.java:93)
	at org.apache.hadoop.security.Groups.<init>(Groups.java:77)
	at org.apache.hadoop.security.Groups.getUserToGroupsMappingService(Groups.java:240)
	at org.apache.hadoop.security.UserGroupInformation.initialize(UserGroupInformation.java:257)
	at org.apache.hadoop.security.UserGroupInformation.ensureInitialized(UserGroupInformation.java:234)
	at org.apache.hadoop.security.UserGroupInformation.loginUserFromSubject(UserGroupInformation.java:749)
	at org.apache.hadoop.security.UserGroupInformation.getLoginUser(UserGroupInformation.java:734)
	at org.apache.hadoop.security.UserGroupInformation.getCurrentUser(UserGroupInformation.java:607)
	at org.apache.hadoop.hbase.security.User$SecureHadoopUser.<init>(User.java:286)
	at org.apache.hadoop.hbase.security.User$SecureHadoopUser.<init>(User.java:282)
	at org.apache.hadoop.hbase.security.User.getCurrent(User.java:185)
	at org.apache.hadoop.hbase.security.UserProvider.getCurrent(UserProvider.java:88)
	at org.apache.hadoop.hbase.client.ConnectionFactory.createConnection(ConnectionFactory.java:215)
	at org.apache.hadoop.hbase.client.ConnectionFactory.createConnection(ConnectionFactory.java:119)
	at com.gimis.dataserver.hbase.HBaseUtil.<init>(HBaseUtil.java:65)
	at com.gimis.dataserver.plc.SavePlcDataToHBaseThread.<init>(SavePlcDataToHBaseThread.java:34)
	at com.gimis.DataserverPlcApplication.main(DataserverPlcApplication.java:63)
2017-10-16 13:32:50.086 [main] ERROR org.apache.hadoop.util.Shell -Failed to locate the winutils binary in the hadoop binary path
java.io.IOException: Could not locate executable null\bin\winutils.exe in the Hadoop binaries.
	at org.apache.hadoop.util.Shell.getQualifiedBinPath(Shell.java:355)
	at org.apache.hadoop.util.Shell.getWinUtilsPath(Shell.java:370)
	at org.apache.hadoop.util.Shell.<clinit>(Shell.java:363)
	at org.apache.hadoop.util.StringUtils.<clinit>(StringUtils.java:78)
	at org.apache.hadoop.security.Groups.parseStaticMapping(Groups.java:93)
	at org.apache.hadoop.security.Groups.<init>(Groups.java:77)
	at org.apache.hadoop.security.Groups.getUserToGroupsMappingService(Groups.java:240)
	at org.apache.hadoop.security.UserGroupInformation.initialize(UserGroupInformation.java:257)
	at org.apache.hadoop.security.UserGroupInformation.ensureInitialized(UserGroupInformation.java:234)
	at org.apache.hadoop.security.UserGroupInformation.loginUserFromSubject(UserGroupInformation.java:749)
	at org.apache.hadoop.security.UserGroupInformation.getLoginUser(UserGroupInformation.java:734)
	at org.apache.hadoop.security.UserGroupInformation.getCurrentUser(UserGroupInformation.java:607)
	at org.apache.hadoop.hbase.security.User$SecureHadoopUser.<init>(User.java:286)
	at org.apache.hadoop.hbase.security.User$SecureHadoopUser.<init>(User.java:282)
	at org.apache.hadoop.hbase.security.User.getCurrent(User.java:185)
	at org.apache.hadoop.hbase.security.UserProvider.getCurrent(UserProvider.java:88)
	at org.apache.hadoop.hbase.client.ConnectionFactory.createConnection(ConnectionFactory.java:215)
	at org.apache.hadoop.hbase.client.ConnectionFactory.createConnection(ConnectionFactory.java:119)
	at com.gimis.dataserver.hbase.HBaseUtil.<init>(HBaseUtil.java:65)
	at com.gimis.dataserver.plc.SavePlcDataToHBaseThread.<init>(SavePlcDataToHBaseThread.java:34)
	at com.gimis.DataserverPlcApplication.main(DataserverPlcApplication.java:63)
2017-10-16 13:34:24.071 [main] ERROR org.apache.hadoop.util.Shell -Failed to locate the winutils binary in the hadoop binary path
java.io.IOException: Could not locate executable null\bin\winutils.exe in the Hadoop binaries.
	at org.apache.hadoop.util.Shell.getQualifiedBinPath(Shell.java:355)
	at org.apache.hadoop.util.Shell.getWinUtilsPath(Shell.java:370)
	at org.apache.hadoop.util.Shell.<clinit>(Shell.java:363)
	at org.apache.hadoop.util.StringUtils.<clinit>(StringUtils.java:78)
	at org.apache.hadoop.security.Groups.parseStaticMapping(Groups.java:93)
	at org.apache.hadoop.security.Groups.<init>(Groups.java:77)
	at org.apache.hadoop.security.Groups.getUserToGroupsMappingService(Groups.java:240)
	at org.apache.hadoop.security.UserGroupInformation.initialize(UserGroupInformation.java:257)
	at org.apache.hadoop.security.UserGroupInformation.ensureInitialized(UserGroupInformation.java:234)
	at org.apache.hadoop.security.UserGroupInformation.loginUserFromSubject(UserGroupInformation.java:749)
	at org.apache.hadoop.security.UserGroupInformation.getLoginUser(UserGroupInformation.java:734)
	at org.apache.hadoop.security.UserGroupInformation.getCurrentUser(UserGroupInformation.java:607)
	at org.apache.hadoop.hbase.security.User$SecureHadoopUser.<init>(User.java:286)
	at org.apache.hadoop.hbase.security.User$SecureHadoopUser.<init>(User.java:282)
	at org.apache.hadoop.hbase.security.User.getCurrent(User.java:185)
	at org.apache.hadoop.hbase.security.UserProvider.getCurrent(UserProvider.java:88)
	at org.apache.hadoop.hbase.client.ConnectionFactory.createConnection(ConnectionFactory.java:215)
	at org.apache.hadoop.hbase.client.ConnectionFactory.createConnection(ConnectionFactory.java:119)
	at com.gimis.dataserver.hbase.HBaseUtil.<init>(HBaseUtil.java:65)
	at com.gimis.dataserver.plc.SavePlcDataToHBaseThread.<init>(SavePlcDataToHBaseThread.java:34)
	at com.gimis.DataserverPlcApplication.main(DataserverPlcApplication.java:63)
2017-10-16 13:36:08.117 [main] ERROR org.apache.hadoop.util.Shell -Failed to locate the winutils binary in the hadoop binary path
java.io.IOException: Could not locate executable null\bin\winutils.exe in the Hadoop binaries.
	at org.apache.hadoop.util.Shell.getQualifiedBinPath(Shell.java:355)
	at org.apache.hadoop.util.Shell.getWinUtilsPath(Shell.java:370)
	at org.apache.hadoop.util.Shell.<clinit>(Shell.java:363)
	at org.apache.hadoop.util.StringUtils.<clinit>(StringUtils.java:78)
	at org.apache.hadoop.security.Groups.parseStaticMapping(Groups.java:93)
	at org.apache.hadoop.security.Groups.<init>(Groups.java:77)
	at org.apache.hadoop.security.Groups.getUserToGroupsMappingService(Groups.java:240)
	at org.apache.hadoop.security.UserGroupInformation.initialize(UserGroupInformation.java:257)
	at org.apache.hadoop.security.UserGroupInformation.ensureInitialized(UserGroupInformation.java:234)
	at org.apache.hadoop.security.UserGroupInformation.loginUserFromSubject(UserGroupInformation.java:749)
	at org.apache.hadoop.security.UserGroupInformation.getLoginUser(UserGroupInformation.java:734)
	at org.apache.hadoop.security.UserGroupInformation.getCurrentUser(UserGroupInformation.java:607)
	at org.apache.hadoop.hbase.security.User$SecureHadoopUser.<init>(User.java:286)
	at org.apache.hadoop.hbase.security.User$SecureHadoopUser.<init>(User.java:282)
	at org.apache.hadoop.hbase.security.User.getCurrent(User.java:185)
	at org.apache.hadoop.hbase.security.UserProvider.getCurrent(UserProvider.java:88)
	at org.apache.hadoop.hbase.client.ConnectionFactory.createConnection(ConnectionFactory.java:215)
	at org.apache.hadoop.hbase.client.ConnectionFactory.createConnection(ConnectionFactory.java:119)
	at com.gimis.dataserver.hbase.HBaseUtil.<init>(HBaseUtil.java:65)
	at com.gimis.dataserver.plc.SavePlcDataToHBaseThread.<init>(SavePlcDataToHBaseThread.java:34)
	at com.gimis.DataserverPlcApplication.main(DataserverPlcApplication.java:63)
2017-10-16 13:37:36.376 [main] ERROR org.apache.hadoop.util.Shell -Failed to locate the winutils binary in the hadoop binary path
java.io.IOException: Could not locate executable null\bin\winutils.exe in the Hadoop binaries.
	at org.apache.hadoop.util.Shell.getQualifiedBinPath(Shell.java:355)
	at org.apache.hadoop.util.Shell.getWinUtilsPath(Shell.java:370)
	at org.apache.hadoop.util.Shell.<clinit>(Shell.java:363)
	at org.apache.hadoop.util.StringUtils.<clinit>(StringUtils.java:78)
	at org.apache.hadoop.security.Groups.parseStaticMapping(Groups.java:93)
	at org.apache.hadoop.security.Groups.<init>(Groups.java:77)
	at org.apache.hadoop.security.Groups.getUserToGroupsMappingService(Groups.java:240)
	at org.apache.hadoop.security.UserGroupInformation.initialize(UserGroupInformation.java:257)
	at org.apache.hadoop.security.UserGroupInformation.ensureInitialized(UserGroupInformation.java:234)
	at org.apache.hadoop.security.UserGroupInformation.loginUserFromSubject(UserGroupInformation.java:749)
	at org.apache.hadoop.security.UserGroupInformation.getLoginUser(UserGroupInformation.java:734)
	at org.apache.hadoop.security.UserGroupInformation.getCurrentUser(UserGroupInformation.java:607)
	at org.apache.hadoop.hbase.security.User$SecureHadoopUser.<init>(User.java:286)
	at org.apache.hadoop.hbase.security.User$SecureHadoopUser.<init>(User.java:282)
	at org.apache.hadoop.hbase.security.User.getCurrent(User.java:185)
	at org.apache.hadoop.hbase.security.UserProvider.getCurrent(UserProvider.java:88)
	at org.apache.hadoop.hbase.client.ConnectionFactory.createConnection(ConnectionFactory.java:215)
	at org.apache.hadoop.hbase.client.ConnectionFactory.createConnection(ConnectionFactory.java:119)
	at com.gimis.dataserver.hbase.HBaseUtil.<init>(HBaseUtil.java:65)
	at com.gimis.dataserver.plc.SavePlcDataToHBaseThread.<init>(SavePlcDataToHBaseThread.java:34)
	at com.gimis.DataserverPlcApplication.main(DataserverPlcApplication.java:63)
2017-10-16 13:38:15.351 [main] ERROR org.apache.hadoop.util.Shell -Failed to locate the winutils binary in the hadoop binary path
java.io.IOException: Could not locate executable null\bin\winutils.exe in the Hadoop binaries.
	at org.apache.hadoop.util.Shell.getQualifiedBinPath(Shell.java:355)
	at org.apache.hadoop.util.Shell.getWinUtilsPath(Shell.java:370)
	at org.apache.hadoop.util.Shell.<clinit>(Shell.java:363)
	at org.apache.hadoop.util.StringUtils.<clinit>(StringUtils.java:78)
	at org.apache.hadoop.security.Groups.parseStaticMapping(Groups.java:93)
	at org.apache.hadoop.security.Groups.<init>(Groups.java:77)
	at org.apache.hadoop.security.Groups.getUserToGroupsMappingService(Groups.java:240)
	at org.apache.hadoop.security.UserGroupInformation.initialize(UserGroupInformation.java:257)
	at org.apache.hadoop.security.UserGroupInformation.ensureInitialized(UserGroupInformation.java:234)
	at org.apache.hadoop.security.UserGroupInformation.loginUserFromSubject(UserGroupInformation.java:749)
	at org.apache.hadoop.security.UserGroupInformation.getLoginUser(UserGroupInformation.java:734)
	at org.apache.hadoop.security.UserGroupInformation.getCurrentUser(UserGroupInformation.java:607)
	at org.apache.hadoop.hbase.security.User$SecureHadoopUser.<init>(User.java:286)
	at org.apache.hadoop.hbase.security.User$SecureHadoopUser.<init>(User.java:282)
	at org.apache.hadoop.hbase.security.User.getCurrent(User.java:185)
	at org.apache.hadoop.hbase.security.UserProvider.getCurrent(UserProvider.java:88)
	at org.apache.hadoop.hbase.client.ConnectionFactory.createConnection(ConnectionFactory.java:215)
	at org.apache.hadoop.hbase.client.ConnectionFactory.createConnection(ConnectionFactory.java:119)
	at com.gimis.dataserver.hbase.HBaseUtil.<init>(HBaseUtil.java:65)
	at com.gimis.dataserver.plc.SavePlcDataToHBaseThread.<init>(SavePlcDataToHBaseThread.java:34)
	at com.gimis.DataserverPlcApplication.main(DataserverPlcApplication.java:63)
2017-10-16 14:10:37.189 [main] ERROR org.apache.hadoop.util.Shell -Failed to locate the winutils binary in the hadoop binary path
java.io.IOException: Could not locate executable null\bin\winutils.exe in the Hadoop binaries.
	at org.apache.hadoop.util.Shell.getQualifiedBinPath(Shell.java:355)
	at org.apache.hadoop.util.Shell.getWinUtilsPath(Shell.java:370)
	at org.apache.hadoop.util.Shell.<clinit>(Shell.java:363)
	at org.apache.hadoop.util.StringUtils.<clinit>(StringUtils.java:78)
	at org.apache.hadoop.security.Groups.parseStaticMapping(Groups.java:93)
	at org.apache.hadoop.security.Groups.<init>(Groups.java:77)
	at org.apache.hadoop.security.Groups.getUserToGroupsMappingService(Groups.java:240)
	at org.apache.hadoop.security.UserGroupInformation.initialize(UserGroupInformation.java:257)
	at org.apache.hadoop.security.UserGroupInformation.ensureInitialized(UserGroupInformation.java:234)
	at org.apache.hadoop.security.UserGroupInformation.loginUserFromSubject(UserGroupInformation.java:749)
	at org.apache.hadoop.security.UserGroupInformation.getLoginUser(UserGroupInformation.java:734)
	at org.apache.hadoop.security.UserGroupInformation.getCurrentUser(UserGroupInformation.java:607)
	at org.apache.hadoop.hbase.security.User$SecureHadoopUser.<init>(User.java:286)
	at org.apache.hadoop.hbase.security.User$SecureHadoopUser.<init>(User.java:282)
	at org.apache.hadoop.hbase.security.User.getCurrent(User.java:185)
	at org.apache.hadoop.hbase.security.UserProvider.getCurrent(UserProvider.java:88)
	at org.apache.hadoop.hbase.client.ConnectionFactory.createConnection(ConnectionFactory.java:215)
	at org.apache.hadoop.hbase.client.ConnectionFactory.createConnection(ConnectionFactory.java:119)
	at com.gimis.dataserver.hbase.HBaseUtil.<init>(HBaseUtil.java:65)
	at com.gimis.dataserver.plc.SavePlcDataToHBaseThread.<init>(SavePlcDataToHBaseThread.java:34)
	at com.gimis.DataserverPlcApplication.main(DataserverPlcApplication.java:63)
2017-10-16 14:11:44.278 [main] ERROR org.apache.hadoop.util.Shell -Failed to locate the winutils binary in the hadoop binary path
java.io.IOException: Could not locate executable null\bin\winutils.exe in the Hadoop binaries.
	at org.apache.hadoop.util.Shell.getQualifiedBinPath(Shell.java:355)
	at org.apache.hadoop.util.Shell.getWinUtilsPath(Shell.java:370)
	at org.apache.hadoop.util.Shell.<clinit>(Shell.java:363)
	at org.apache.hadoop.util.StringUtils.<clinit>(StringUtils.java:78)
	at org.apache.hadoop.security.Groups.parseStaticMapping(Groups.java:93)
	at org.apache.hadoop.security.Groups.<init>(Groups.java:77)
	at org.apache.hadoop.security.Groups.getUserToGroupsMappingService(Groups.java:240)
	at org.apache.hadoop.security.UserGroupInformation.initialize(UserGroupInformation.java:257)
	at org.apache.hadoop.security.UserGroupInformation.ensureInitialized(UserGroupInformation.java:234)
	at org.apache.hadoop.security.UserGroupInformation.loginUserFromSubject(UserGroupInformation.java:749)
	at org.apache.hadoop.security.UserGroupInformation.getLoginUser(UserGroupInformation.java:734)
	at org.apache.hadoop.security.UserGroupInformation.getCurrentUser(UserGroupInformation.java:607)
	at org.apache.hadoop.hbase.security.User$SecureHadoopUser.<init>(User.java:286)
	at org.apache.hadoop.hbase.security.User$SecureHadoopUser.<init>(User.java:282)
	at org.apache.hadoop.hbase.security.User.getCurrent(User.java:185)
	at org.apache.hadoop.hbase.security.UserProvider.getCurrent(UserProvider.java:88)
	at org.apache.hadoop.hbase.client.ConnectionFactory.createConnection(ConnectionFactory.java:215)
	at org.apache.hadoop.hbase.client.ConnectionFactory.createConnection(ConnectionFactory.java:119)
	at com.gimis.dataserver.hbase.HBaseUtil.<init>(HBaseUtil.java:65)
	at com.gimis.dataserver.plc.SavePlcDataToHBaseThread.<init>(SavePlcDataToHBaseThread.java:34)
	at com.gimis.DataserverPlcApplication.main(DataserverPlcApplication.java:63)
2017-10-16 14:39:09.301 [main] ERROR org.apache.hadoop.util.Shell -Failed to locate the winutils binary in the hadoop binary path
java.io.IOException: Could not locate executable null\bin\winutils.exe in the Hadoop binaries.
	at org.apache.hadoop.util.Shell.getQualifiedBinPath(Shell.java:355)
	at org.apache.hadoop.util.Shell.getWinUtilsPath(Shell.java:370)
	at org.apache.hadoop.util.Shell.<clinit>(Shell.java:363)
	at org.apache.hadoop.util.StringUtils.<clinit>(StringUtils.java:78)
	at org.apache.hadoop.security.Groups.parseStaticMapping(Groups.java:93)
	at org.apache.hadoop.security.Groups.<init>(Groups.java:77)
	at org.apache.hadoop.security.Groups.getUserToGroupsMappingService(Groups.java:240)
	at org.apache.hadoop.security.UserGroupInformation.initialize(UserGroupInformation.java:257)
	at org.apache.hadoop.security.UserGroupInformation.ensureInitialized(UserGroupInformation.java:234)
	at org.apache.hadoop.security.UserGroupInformation.loginUserFromSubject(UserGroupInformation.java:749)
	at org.apache.hadoop.security.UserGroupInformation.getLoginUser(UserGroupInformation.java:734)
	at org.apache.hadoop.security.UserGroupInformation.getCurrentUser(UserGroupInformation.java:607)
	at org.apache.hadoop.hbase.security.User$SecureHadoopUser.<init>(User.java:286)
	at org.apache.hadoop.hbase.security.User$SecureHadoopUser.<init>(User.java:282)
	at org.apache.hadoop.hbase.security.User.getCurrent(User.java:185)
	at org.apache.hadoop.hbase.security.UserProvider.getCurrent(UserProvider.java:88)
	at org.apache.hadoop.hbase.client.ConnectionFactory.createConnection(ConnectionFactory.java:215)
	at org.apache.hadoop.hbase.client.ConnectionFactory.createConnection(ConnectionFactory.java:119)
	at com.gimis.dataserver.hbase.HBaseUtil.<init>(HBaseUtil.java:65)
	at com.gimis.dataserver.plc.SavePlcDataToHBaseThread.<init>(SavePlcDataToHBaseThread.java:34)
	at com.gimis.DataserverPlcApplication.main(DataserverPlcApplication.java:63)
