2017-09-19 09:56:54.717 [main] ERROR org.apache.hadoop.util.Shell -Failed to locate the winutils binary in the hadoop binary path
java.io.IOException: Could not locate executable null\bin\winutils.exe in the Hadoop binaries.
	at org.apache.hadoop.util.Shell.getQualifiedBinPath(Shell.java:355) [hadoop-common-2.5.1.jar:na]
	at org.apache.hadoop.util.Shell.getWinUtilsPath(Shell.java:370) [hadoop-common-2.5.1.jar:na]
	at org.apache.hadoop.util.Shell.<clinit>(Shell.java:363) [hadoop-common-2.5.1.jar:na]
	at org.apache.hadoop.util.StringUtils.<clinit>(StringUtils.java:78) [hadoop-common-2.5.1.jar:na]
	at org.apache.hadoop.security.Groups.parseStaticMapping(Groups.java:93) [hadoop-common-2.5.1.jar:na]
	at org.apache.hadoop.security.Groups.<init>(Groups.java:77) [hadoop-common-2.5.1.jar:na]
	at org.apache.hadoop.security.Groups.getUserToGroupsMappingService(Groups.java:240) [hadoop-common-2.5.1.jar:na]
	at org.apache.hadoop.security.UserGroupInformation.initialize(UserGroupInformation.java:257) [hadoop-common-2.5.1.jar:na]
	at org.apache.hadoop.security.UserGroupInformation.ensureInitialized(UserGroupInformation.java:234) [hadoop-common-2.5.1.jar:na]
	at org.apache.hadoop.security.UserGroupInformation.loginUserFromSubject(UserGroupInformation.java:749) [hadoop-common-2.5.1.jar:na]
	at org.apache.hadoop.security.UserGroupInformation.getLoginUser(UserGroupInformation.java:734) [hadoop-common-2.5.1.jar:na]
	at org.apache.hadoop.security.UserGroupInformation.getCurrentUser(UserGroupInformation.java:607) [hadoop-common-2.5.1.jar:na]
	at org.apache.hadoop.hbase.security.User$SecureHadoopUser.<init>(User.java:286) [hbase-common-1.1.2.jar:1.1.2]
	at org.apache.hadoop.hbase.security.User$SecureHadoopUser.<init>(User.java:282) [hbase-common-1.1.2.jar:1.1.2]
	at org.apache.hadoop.hbase.security.User.getCurrent(User.java:185) [hbase-common-1.1.2.jar:1.1.2]
	at org.apache.hadoop.hbase.security.UserProvider.getCurrent(UserProvider.java:88) [hbase-common-1.1.2.jar:1.1.2]
	at org.apache.hadoop.hbase.client.ConnectionFactory.createConnection(ConnectionFactory.java:215) [hbase-client-1.1.2.jar:1.1.2]
	at org.apache.hadoop.hbase.client.ConnectionFactory.createConnection(ConnectionFactory.java:119) [hbase-client-1.1.2.jar:1.1.2]
	at com.gimis.HBase.HBaseUtil.<init>(HBaseUtil.java:72) [classes/:na]
	at com.gimis.dataserver.gps.SavePositionThread.<init>(SavePositionThread.java:27) [classes/:na]
	at com.gimis.DataserverApplication.main(DataserverApplication.java:53) [classes/:na]
2017-09-19 09:58:27.047 [main] ERROR org.apache.hadoop.util.Shell -Failed to locate the winutils binary in the hadoop binary path
java.io.IOException: Could not locate executable null\bin\winutils.exe in the Hadoop binaries.
	at org.apache.hadoop.util.Shell.getQualifiedBinPath(Shell.java:355) [hadoop-common-2.5.1.jar:na]
	at org.apache.hadoop.util.Shell.getWinUtilsPath(Shell.java:370) [hadoop-common-2.5.1.jar:na]
	at org.apache.hadoop.util.Shell.<clinit>(Shell.java:363) [hadoop-common-2.5.1.jar:na]
	at org.apache.hadoop.util.StringUtils.<clinit>(StringUtils.java:78) [hadoop-common-2.5.1.jar:na]
	at org.apache.hadoop.security.Groups.parseStaticMapping(Groups.java:93) [hadoop-common-2.5.1.jar:na]
	at org.apache.hadoop.security.Groups.<init>(Groups.java:77) [hadoop-common-2.5.1.jar:na]
	at org.apache.hadoop.security.Groups.getUserToGroupsMappingService(Groups.java:240) [hadoop-common-2.5.1.jar:na]
	at org.apache.hadoop.security.UserGroupInformation.initialize(UserGroupInformation.java:257) [hadoop-common-2.5.1.jar:na]
	at org.apache.hadoop.security.UserGroupInformation.ensureInitialized(UserGroupInformation.java:234) [hadoop-common-2.5.1.jar:na]
	at org.apache.hadoop.security.UserGroupInformation.loginUserFromSubject(UserGroupInformation.java:749) [hadoop-common-2.5.1.jar:na]
	at org.apache.hadoop.security.UserGroupInformation.getLoginUser(UserGroupInformation.java:734) [hadoop-common-2.5.1.jar:na]
	at org.apache.hadoop.security.UserGroupInformation.getCurrentUser(UserGroupInformation.java:607) [hadoop-common-2.5.1.jar:na]
	at org.apache.hadoop.hbase.security.User$SecureHadoopUser.<init>(User.java:286) [hbase-common-1.1.2.jar:1.1.2]
	at org.apache.hadoop.hbase.security.User$SecureHadoopUser.<init>(User.java:282) [hbase-common-1.1.2.jar:1.1.2]
	at org.apache.hadoop.hbase.security.User.getCurrent(User.java:185) [hbase-common-1.1.2.jar:1.1.2]
	at org.apache.hadoop.hbase.security.UserProvider.getCurrent(UserProvider.java:88) [hbase-common-1.1.2.jar:1.1.2]
	at org.apache.hadoop.hbase.client.ConnectionFactory.createConnection(ConnectionFactory.java:215) [hbase-client-1.1.2.jar:1.1.2]
	at org.apache.hadoop.hbase.client.ConnectionFactory.createConnection(ConnectionFactory.java:119) [hbase-client-1.1.2.jar:1.1.2]
	at com.gimis.HBase.HBaseUtil.<init>(HBaseUtil.java:72) [classes/:na]
	at com.gimis.dataserver.gps.SavePositionThread.<init>(SavePositionThread.java:27) [classes/:na]
	at com.gimis.DataserverApplication.main(DataserverApplication.java:53) [classes/:na]
2017-09-19 09:59:13.121 [main] ERROR org.apache.hadoop.util.Shell -Failed to locate the winutils binary in the hadoop binary path
java.io.IOException: Could not locate executable null\bin\winutils.exe in the Hadoop binaries.
	at org.apache.hadoop.util.Shell.getQualifiedBinPath(Shell.java:355) [hadoop-common-2.5.1.jar:na]
	at org.apache.hadoop.util.Shell.getWinUtilsPath(Shell.java:370) [hadoop-common-2.5.1.jar:na]
	at org.apache.hadoop.util.Shell.<clinit>(Shell.java:363) [hadoop-common-2.5.1.jar:na]
	at org.apache.hadoop.util.StringUtils.<clinit>(StringUtils.java:78) [hadoop-common-2.5.1.jar:na]
	at org.apache.hadoop.security.Groups.parseStaticMapping(Groups.java:93) [hadoop-common-2.5.1.jar:na]
	at org.apache.hadoop.security.Groups.<init>(Groups.java:77) [hadoop-common-2.5.1.jar:na]
	at org.apache.hadoop.security.Groups.getUserToGroupsMappingService(Groups.java:240) [hadoop-common-2.5.1.jar:na]
	at org.apache.hadoop.security.UserGroupInformation.initialize(UserGroupInformation.java:257) [hadoop-common-2.5.1.jar:na]
	at org.apache.hadoop.security.UserGroupInformation.ensureInitialized(UserGroupInformation.java:234) [hadoop-common-2.5.1.jar:na]
	at org.apache.hadoop.security.UserGroupInformation.loginUserFromSubject(UserGroupInformation.java:749) [hadoop-common-2.5.1.jar:na]
	at org.apache.hadoop.security.UserGroupInformation.getLoginUser(UserGroupInformation.java:734) [hadoop-common-2.5.1.jar:na]
	at org.apache.hadoop.security.UserGroupInformation.getCurrentUser(UserGroupInformation.java:607) [hadoop-common-2.5.1.jar:na]
	at org.apache.hadoop.hbase.security.User$SecureHadoopUser.<init>(User.java:286) [hbase-common-1.1.2.jar:1.1.2]
	at org.apache.hadoop.hbase.security.User$SecureHadoopUser.<init>(User.java:282) [hbase-common-1.1.2.jar:1.1.2]
	at org.apache.hadoop.hbase.security.User.getCurrent(User.java:185) [hbase-common-1.1.2.jar:1.1.2]
	at org.apache.hadoop.hbase.security.UserProvider.getCurrent(UserProvider.java:88) [hbase-common-1.1.2.jar:1.1.2]
	at org.apache.hadoop.hbase.client.ConnectionFactory.createConnection(ConnectionFactory.java:215) [hbase-client-1.1.2.jar:1.1.2]
	at org.apache.hadoop.hbase.client.ConnectionFactory.createConnection(ConnectionFactory.java:119) [hbase-client-1.1.2.jar:1.1.2]
	at com.gimis.HBase.HBaseUtil.<init>(HBaseUtil.java:72) [classes/:na]
	at com.gimis.dataserver.gps.SavePositionThread.<init>(SavePositionThread.java:27) [classes/:na]
	at com.gimis.DataserverApplication.main(DataserverApplication.java:53) [classes/:na]
